--- Starting Heavy Backfill ---
Processing next batch... (Total so far: 0)
Successfully processed 30 calls.
Processing next batch... (Total so far: 30)
Successfully processed 30 calls.
Processing next batch... (Total so far: 60)
Successfully processed 30 calls.
Processing next batch... (Total so far: 90)
Successfully processed 30 calls.
Processing next batch... (Total so far: 120)
Successfully processed 30 calls.
Processing next batch... (Total so far: 150)
Successfully processed 30 calls.
Processing next batch... (Total so far: 180)
Successfully processed 30 calls.
Processing next batch... (Total so far: 210)
Successfully processed 30 calls.
Processing next batch... (Total so far: 240)
Successfully processed 30 calls.
Processing next batch... (Total so far: 270)
Successfully processed 30 calls.
Processing next batch... (Total so far: 300)
Successfully processed 30 calls.
Processing next batch... (Total so far: 330)
Successfully processed 30 calls.
Processing next batch... (Total so far: 360)
Successfully processed 30 calls.
Processing next batch... (Total so far: 390)
Successfully processed 30 calls.
Processing next batch... (Total so far: 420)
Successfully processed 30 calls.
Processing next batch... (Total so far: 450)
Successfully processed 30 calls.
Processing next batch... (Total so far: 480)
Successfully processed 30 calls.
Processing next batch... (Total so far: 510)
Successfully processed 30 calls.
Processing next batch... (Total so far: 540)
Successfully processed 30 calls.
Processing next batch... (Total so far: 570)
Successfully processed 30 calls.
Processing next batch... (Total so far: 600)
Successfully processed 30 calls.
Processing next batch... (Total so far: 630)
Successfully processed 30 calls.
Processing next batch... (Total so far: 660)
Successfully processed 30 calls.
Processing next batch... (Total so far: 690)
Successfully processed 30 calls.
Processing next batch... (Total so far: 720)
Successfully processed 30 calls.
Processing next batch... (Total so far: 750)
Successfully processed 30 calls.
Processing next batch... (Total so far: 780)
Successfully processed 30 calls.
Processing next batch... (Total so far: 810)
Successfully processed 30 calls.
Processing next batch... (Total so far: 840)
Successfully processed 30 calls.
Processing next batch... (Total so far: 870)
Successfully processed 30 calls.
Processing next batch... (Total so far: 900)
Successfully processed 30 calls.
Processing next batch... (Total so far: 930)
Successfully processed 30 calls.
Processing next batch... (Total so far: 960)
Successfully processed 30 calls.
Processing next batch... (Total so far: 990)
Successfully processed 30 calls.
Processing next batch... (Total so far: 1020)
Successfully processed 30 calls.
Processing next batch... (Total so far: 1050)
Successfully processed 30 calls.
Processing next batch... (Total so far: 1080)
Successfully processed 30 calls.
Processing next batch... (Total so far: 1110)
Successfully processed 30 calls.
Processing next batch... (Total so far: 1140)
Successfully processed 30 calls.
Processing next batch... (Total so far: 1170)
Successfully processed 30 calls.
Processing next batch... (Total so far: 1200)
Successfully processed 30 calls.
Processing next batch... (Total so far: 1230)
Successfully processed 30 calls.
Processing next batch... (Total so far: 1260)
Successfully processed 30 calls.
Processing next batch... (Total so far: 1290)
Successfully processed 30 calls.
Processing next batch... (Total so far: 1320)
Successfully processed 30 calls.
Processing next batch... (Total so far: 1350)
Error in backfill loop: SyntaxError: Unexpected token '<', "<!DOCTYPE "... is not valid JSON
    at JSON.parse (<anonymous>)
    at parseJSONFromBytes (node:internal/deps/undici/undici:6433:19)
    at successSteps (node:internal/deps/undici/undici:6414:27)
    at readAllBytes (node:internal/deps/undici/undici:5380:13)
    at process.processTicksAndRejections (node:internal/process/task_queues:103:5)
--- Backfill Complete. Total Processed: 1350 ---
